<?xml version="1.0" encoding="UTF-8"?>
<testng-results skipped="0" failed="0" ignored="0" total="2" passed="2">
  <reporter-output>
  </reporter-output>
  <suite name="Default suite" duration-ms="8302" started-at="2018-09-16T12:11:05Z" finished-at="2018-09-16T12:11:13Z">
    <groups>
    </groups>
    <test name="Default test" duration-ms="8302" started-at="2018-09-16T12:11:05Z" finished-at="2018-09-16T12:11:13Z">
      <class name="RestAssuredFramework.RestAssuredFramework.Fourth">
        <test-method status="PASS" signature="test1()[pri:0, instance:RestAssuredFramework.RestAssuredFramework.Fourth@127982]" name="test1" duration-ms="5733" started-at="2018-09-16T12:11:05Z" finished-at="2018-09-16T12:11:11Z">
          <reporter-output>
          </reporter-output>
        </test-method> <!-- test1 -->
        <test-method status="PASS" signature="test2()[pri:0, instance:RestAssuredFramework.RestAssuredFramework.Fourth@127982]" name="test2" duration-ms="2456" started-at="2018-09-16T12:11:11Z" finished-at="2018-09-16T12:11:13Z">
          <reporter-output>
          </reporter-output>
        </test-method> <!-- test2 -->
      </class> <!-- RestAssuredFramework.RestAssuredFramework.Fourth -->
    </test> <!-- Default test -->
  </suite> <!-- Default suite -->
</testng-results>
